0 verbose cli D:\Tools\nodejs\node.exe D:\Tools\nodejs\node_modules\npm\bin\npm-cli.js
1 info using npm@11.12.1
2 info using node@v24.15.0
3 silly config load:file:D:\Tools\nodejs\node_modules\npm\npmrc
4 silly config load:file:D:\Codes\wolf_game\ours\frontend\.npmrc
5 silly config load:file:C:\Users\38939\.npmrc
6 silly config load:file:C:\Users\38939\AppData\Roaming\npm\etc\npmrc
7 verbose title npm install
8 verbose argv "install" "--package-lock-only" "--ignore-scripts" "--cache" ".\\.npm-cache"
9 verbose logfile logs-max:10 dir:D:\Codes\wolf_game\ours\frontend\.npm-cache\_logs\2026-06-09T07_27_12_834Z-
10 verbose logfile D:\Codes\wolf_game\ours\frontend\.npm-cache\_logs\2026-06-09T07_27_12_834Z-debug-0.log
11 silly logfile done cleaning log files
12 silly packumentCache heap:4496293888 maxSize:1124073472 maxEntrySize:562036736
13 silly idealTree buildDeps
14 silly fetch manifest @vitejs/plugin-react@^4.3.0
15 silly packumentCache full:https://registry.npm.taobao.org/@vitejs%2fplugin-react cache-miss
16 http fetch GET 200 https://registry.npmmirror.com/@vitejs%2fplugin-react 259ms (cache miss)
17 silly packumentCache full:https://registry.npm.taobao.org/@vitejs%2fplugin-react set size:57410 disposed:false
18 silly fetch manifest vite@^5.4.0
19 silly packumentCache full:https://registry.npm.taobao.org/vite cache-miss
20 http fetch GET 200 https://registry.npmmirror.com/npm 335ms
21 http fetch GET 200 https://registry.npmmirror.com/vite 1805ms (cache miss)
22 silly packumentCache full:https://registry.npm.taobao.org/vite set size:6241474 disposed:false
23 silly fetch manifest @types/node@^18.0.0 || >=20.0.0
24 silly packumentCache full:https://registry.npm.taobao.org/@types%2fnode cache-miss
25 http fetch GET 200 https://registry.npmmirror.com/@types%2fnode 341ms (cache miss)
26 silly packumentCache full:https://registry.npm.taobao.org/@types%2fnode set size:1160081 disposed:false
27 silly fetch manifest less@*
28 silly packumentCache full:https://registry.npm.taobao.org/less cache-miss
29 http fetch GET 200 https://registry.npmmirror.com/less 83ms (cache miss)
30 silly packumentCache full:https://registry.npm.taobao.org/less set size:52137 disposed:false
31 silly fetch manifest lightningcss@^1.21.0
32 silly packumentCache full:https://registry.npm.taobao.org/lightningcss cache-miss
33 http fetch GET 200 https://registry.npmmirror.com/lightningcss 49ms (cache miss)
34 silly packumentCache full:https://registry.npm.taobao.org/lightningcss set size:32241 disposed:false
35 silly fetch manifest sass@*
36 silly packumentCache full:https://registry.npm.taobao.org/sass cache-miss
37 http fetch GET 200 https://registry.npmmirror.com/sass 66ms (cache miss)
38 silly packumentCache full:https://registry.npm.taobao.org/sass set size:125984 disposed:false
39 silly fetch manifest sass-embedded@*
40 silly packumentCache full:https://registry.npm.taobao.org/sass-embedded cache-miss
41 http fetch GET 200 https://registry.npmmirror.com/sass-embedded 68ms (cache miss)
42 silly packumentCache full:https://registry.npm.taobao.org/sass-embedded set size:75560 disposed:false
43 silly fetch manifest stylus@*
44 silly packumentCache full:https://registry.npm.taobao.org/stylus cache-miss
45 http fetch GET 200 https://registry.npmmirror.com/stylus 83ms (cache miss)
46 silly packumentCache full:https://registry.npm.taobao.org/stylus set size:65242 disposed:false
47 silly fetch manifest sugarss@*
48 silly packumentCache full:https://registry.npm.taobao.org/sugarss cache-miss
49 http fetch GET 200 https://registry.npmmirror.com/sugarss 66ms (cache miss)
50 silly packumentCache full:https://registry.npm.taobao.org/sugarss set size:8151 disposed:false
51 silly fetch manifest postcss@^8.3.3
52 silly packumentCache full:https://registry.npm.taobao.org/postcss cache-miss
53 http fetch GET 200 https://registry.npmmirror.com/postcss 110ms (cache miss)
54 silly packumentCache full:https://registry.npm.taobao.org/postcss set size:98048 disposed:false
55 silly fetch manifest terser@^5.4.0
56 silly packumentCache full:https://registry.npm.taobao.org/terser cache-miss
57 http fetch GET 200 https://registry.npmmirror.com/terser 144ms (cache miss)
58 silly packumentCache full:https://registry.npm.taobao.org/terser set size:111481 disposed:false
59 silly fetch manifest typescript@^5.5.0
60 silly packumentCache full:https://registry.npm.taobao.org/typescript cache-miss
61 http fetch GET 200 https://registry.npmmirror.com/typescript 410ms (cache miss)
62 silly packumentCache full:https://registry.npm.taobao.org/typescript set size:1685991 disposed:false
63 silly fetch manifest react@^18.3.0
64 silly packumentCache full:https://registry.npm.taobao.org/react cache-miss
65 http fetch GET 200 https://registry.npmmirror.com/react 245ms (cache miss)
66 silly packumentCache full:https://registry.npm.taobao.org/react set size:1219281 disposed:false
67 silly fetch manifest react-dom@^18.3.0
68 silly packumentCache full:https://registry.npm.taobao.org/react-dom cache-miss
69 http fetch GET 200 https://registry.npmmirror.com/react-dom 327ms (cache miss)
70 silly packumentCache full:https://registry.npm.taobao.org/react-dom set size:1392518 disposed:false
71 silly placeDep ROOT @vitejs/plugin-react@4.7.0 OK for: wolfarena-frontend@0.1.0 want: ^4.3.0
72 silly placeDep ROOT vite@5.4.21 OK for: @vitejs/plugin-react@4.7.0 want: ^4.2.0 || ^5.0.0 || ^6.0.0 || ^7.0.0
73 silly placeDep ROOT react@18.3.1 OK for: wolfarena-frontend@0.1.0 want: ^18.3.0
74 silly placeDep ROOT react-dom@18.3.1 OK for: wolfarena-frontend@0.1.0 want: ^18.3.0
75 silly placeDep ROOT typescript@5.9.3 OK for: wolfarena-frontend@0.1.0 want: ^5.5.0
76 silly fetch manifest @babel/core@^7.28.0
77 silly packumentCache full:https://registry.npm.taobao.org/@babel%2fcore cache-miss
78 silly fetch manifest @babel/plugin-transform-react-jsx-self@^7.27.1
79 silly packumentCache full:https://registry.npm.taobao.org/@babel%2fplugin-transform-react-jsx-self cache-miss
80 silly fetch manifest @babel/plugin-transform-react-jsx-source@^7.27.1
81 silly packumentCache full:https://registry.npm.taobao.org/@babel%2fplugin-transform-react-jsx-source cache-miss
82 silly fetch manifest @rolldown/pluginutils@1.0.0-beta.27
83 silly packumentCache full:https://registry.npm.taobao.org/@rolldown%2fpluginutils cache-miss
84 silly fetch manifest @types/babel__core@^7.20.5
85 silly packumentCache full:https://registry.npm.taobao.org/@types%2fbabel__core cache-miss
86 silly fetch manifest react-refresh@^0.17.0
87 silly packumentCache full:https://registry.npm.taobao.org/react-refresh cache-miss
88 silly fetch manifest esbuild@^0.21.3
89 silly packumentCache full:https://registry.npm.taobao.org/esbuild cache-miss
90 silly fetch manifest postcss@^8.4.43
91 silly packumentCache full:https://registry.npm.taobao.org/postcss cache-hit
92 silly fetch manifest rollup@^4.20.0
93 silly packumentCache full:https://registry.npm.taobao.org/rollup cache-miss
94 silly fetch manifest fsevents@~2.3.3
95 silly packumentCache full:https://registry.npm.taobao.org/fsevents cache-miss
96 silly fetch manifest loose-envify@^1.1.0
97 silly packumentCache full:https://registry.npm.taobao.org/loose-envify cache-miss
98 silly fetch manifest loose-envify@^1.1.0
99 silly packumentCache full:https://registry.npm.taobao.org/loose-envify cache-miss
100 silly fetch manifest scheduler@^0.23.2
101 silly packumentCache full:https://registry.npm.taobao.org/scheduler cache-miss
102 http fetch GET 200 https://registry.npmmirror.com/@babel%2fplugin-transform-react-jsx-self 48ms (cache miss)
103 silly packumentCache full:https://registry.npm.taobao.org/@babel%2fplugin-transform-react-jsx-self set size:34594 disposed:false
104 http fetch GET 200 https://registry.npmmirror.com/@babel%2fcore 118ms (cache miss)
105 silly packumentCache full:https://registry.npm.taobao.org/@babel%2fcore set size:111052 disposed:false
106 http fetch GET 200 https://registry.npmmirror.com/esbuild 158ms (cache miss)
107 silly packumentCache full:https://registry.npm.taobao.org/esbuild set size:212453 disposed:false
108 http fetch GET 200 https://registry.npmmirror.com/@rolldown%2fpluginutils 194ms (cache miss)
109 silly packumentCache full:https://registry.npm.taobao.org/@rolldown%2fpluginutils set size:49379 disposed:false
110 http fetch GET 200 https://registry.npmmirror.com/loose-envify 225ms (cache miss)
111 silly packumentCache full:https://registry.npm.taobao.org/loose-envify set size:2934 disposed:false
112 http fetch GET 200 https://registry.npmmirror.com/fsevents 260ms (cache miss)
113 silly packumentCache full:https://registry.npm.taobao.org/fsevents set size:16344 disposed:false
114 http fetch GET 200 https://registry.npmmirror.com/scheduler 261ms (cache miss)
115 silly packumentCache full:https://registry.npm.taobao.org/scheduler set size:1137797 disposed:false
116 http fetch GET 200 https://registry.npmmirror.com/loose-envify 289ms (cache miss)
117 silly packumentCache full:https://registry.npm.taobao.org/loose-envify set size:2934 disposed:false
118 silly packumentCache full:https://registry.npm.taobao.org/loose-envify dispose
119 http fetch GET 200 https://registry.npmmirror.com/@babel%2fplugin-transform-react-jsx-source 293ms (cache miss)
120 silly packumentCache full:https://registry.npm.taobao.org/@babel%2fplugin-transform-react-jsx-source set size:34215 disposed:false
121 http fetch GET 200 https://registry.npmmirror.com/@types%2fbabel__core 294ms (cache miss)
122 silly packumentCache full:https://registry.npm.taobao.org/@types%2fbabel__core set size:14948 disposed:false
123 http fetch GET 200 https://registry.npmmirror.com/rollup 417ms (cache miss)
124 silly packumentCache full:https://registry.npm.taobao.org/rollup set size:685723 disposed:false
125 http fetch GET 200 https://registry.npmmirror.com/react-refresh 502ms (cache miss)
126 silly packumentCache full:https://registry.npm.taobao.org/react-refresh set size:1154906 disposed:false
127 silly placeDep ROOT @babel/core@7.29.7 OK for: @vitejs/plugin-react@4.7.0 want: ^7.28.0
128 silly placeDep ROOT @babel/plugin-transform-react-jsx-self@7.29.7 OK for: @vitejs/plugin-react@4.7.0 want: ^7.27.1
129 silly placeDep ROOT @babel/plugin-transform-react-jsx-source@7.29.7 OK for: @vitejs/plugin-react@4.7.0 want: ^7.27.1
130 silly placeDep ROOT @rolldown/pluginutils@1.0.0-beta.27 OK for: @vitejs/plugin-react@4.7.0 want: 1.0.0-beta.27
131 silly placeDep ROOT @types/babel__core@7.20.5 OK for: @vitejs/plugin-react@4.7.0 want: ^7.20.5
132 silly placeDep ROOT react-refresh@0.17.0 OK for: @vitejs/plugin-react@4.7.0 want: ^0.17.0
133 silly fetch manifest @babel/code-frame@^7.29.7
134 silly packumentCache full:https://registry.npm.taobao.org/@babel%2fcode-frame cache-miss
135 silly fetch manifest @babel/generator@^7.29.7
136 silly packumentCache full:https://registry.npm.taobao.org/@babel%2fgenerator cache-miss
137 silly fetch manifest @babel/helper-compilation-targets@^7.29.7
138 silly packumentCache full:https://registry.npm.taobao.org/@babel%2fhelper-compilation-targets cache-miss
139 silly fetch manifest @babel/helper-module-transforms@^7.29.7
140 silly packumentCache full:https://registry.npm.taobao.org/@babel%2fhelper-module-transforms cache-miss
141 silly fetch manifest @babel/helpers@^7.29.7
142 silly packumentCache full:https://registry.npm.taobao.org/@babel%2fhelpers cache-miss
143 silly fetch manifest @babel/parser@^7.29.7
144 silly packumentCache full:https://registry.npm.taobao.org/@babel%2fparser cache-miss
145 silly fetch manifest @babel/template@^7.29.7
146 silly packumentCache full:https://registry.npm.taobao.org/@babel%2ftemplate cache-miss
147 silly fetch manifest @babel/traverse@^7.29.7
148 silly packumentCache full:https://registry.npm.taobao.org/@babel%2ftraverse cache-miss
149 silly fetch manifest @babel/types@^7.29.7
150 silly packumentCache full:https://registry.npm.taobao.org/@babel%2ftypes cache-miss
151 silly fetch manifest @jridgewell/remapping@^2.3.5
152 silly packumentCache full:https://registry.npm.taobao.org/@jridgewell%2fremapping cache-miss
153 silly fetch manifest convert-source-map@^2.0.0
154 silly packumentCache full:https://registry.npm.taobao.org/convert-source-map cache-miss
155 silly fetch manifest debug@^4.1.0
156 silly packumentCache full:https://registry.npm.taobao.org/debug cache-miss
157 silly fetch manifest gensync@^1.0.0-beta.2
158 silly packumentCache full:https://registry.npm.taobao.org/gensync cache-miss
159 silly fetch manifest json5@^2.2.3
160 silly packumentCache full:https://registry.npm.taobao.org/json5 cache-miss
161 silly fetch manifest semver@^6.3.1
162 silly packumentCache full:https://registry.npm.taobao.org/semver cache-miss
163 silly fetch manifest @babel/helper-plugin-utils@^7.29.7
164 silly packumentCache full:https://registry.npm.taobao.org/@babel%2fhelper-plugin-utils cache-miss
165 silly fetch manifest @babel/helper-plugin-utils@^7.29.7
166 silly packumentCache full:https://registry.npm.taobao.org/@babel%2fhelper-plugin-utils cache-miss
167 silly fetch manifest @babel/parser@^7.20.7
168 silly packumentCache full:https://registry.npm.taobao.org/@babel%2fparser cache-miss
169 silly fetch manifest @babel/types@^7.20.7
170 silly packumentCache full:https://registry.npm.taobao.org/@babel%2ftypes cache-miss
171 silly fetch manifest @types/babel__generator@*
172 silly packumentCache full:https://registry.npm.taobao.org/@types%2fbabel__generator cache-miss
173 silly fetch manifest @types/babel__template@*
174 silly packumentCache full:https://registry.npm.taobao.org/@types%2fbabel__template cache-miss
175 silly fetch manifest @types/babel__traverse@*
176 silly packumentCache full:https://registry.npm.taobao.org/@types%2fbabel__traverse cache-miss
177 http fetch GET 200 https://registry.npmmirror.com/@babel%2fhelper-compilation-targets 67ms (cache miss)
178 silly packumentCache full:https://registry.npm.taobao.org/@babel%2fhelper-compilation-targets set size:41988 disposed:false
179 http fetch GET 200 https://registry.npmmirror.com/@babel%2fhelpers 81ms (cache miss)
180 silly packumentCache full:https://registry.npm.taobao.org/@babel%2fhelpers set size:70899 disposed:false
181 http fetch GET 200 https://registry.npmmirror.com/convert-source-map 104ms (cache miss)
182 silly packumentCache full:https://registry.npm.taobao.org/convert-source-map set size:13631 disposed:false
183 http fetch GET 200 https://registry.npmmirror.com/@babel%2ftemplate 108ms (cache miss)
184 silly packumentCache full:https://registry.npm.taobao.org/@babel%2ftemplate set size:40048 disposed:false
185 http fetch GET 200 https://registry.npmmirror.com/@babel%2fparser 110ms (cache miss)
186 silly packumentCache full:https://registry.npm.taobao.org/@babel%2fparser set size:108845 disposed:false
187 http fetch GET 200 https://registry.npmmirror.com/@babel%2ftraverse 118ms (cache miss)
188 silly packumentCache full:https://registry.npm.taobao.org/@babel%2ftraverse set size:95908 disposed:false
189 http fetch GET 200 https://registry.npmmirror.com/@babel%2fparser 129ms (cache miss)
190 silly packumentCache full:https://registry.npm.taobao.org/@babel%2fparser set size:108845 disposed:false
191 silly packumentCache full:https://registry.npm.taobao.org/@babel%2fparser dispose
192 http fetch GET 200 https://registry.npmmirror.com/@babel%2fhelper-module-transforms 145ms (cache miss)
193 silly packumentCache full:https://registry.npm.taobao.org/@babel%2fhelper-module-transforms set size:58851 disposed:false
194 http fetch GET 200 https://registry.npmmirror.com/@babel%2fcode-frame 148ms (cache miss)
195 silly packumentCache full:https://registry.npm.taobao.org/@babel%2fcode-frame set size:35665 disposed:false
196 http fetch GET 200 https://registry.npmmirror.com/@types%2fbabel__template 150ms (cache miss)
197 silly packumentCache full:https://registry.npm.taobao.org/@types%2fbabel__template set size:4175 disposed:false
198 http fetch GET 200 https://registry.npmmirror.com/@types%2fbabel__generator 202ms (cache miss)
199 silly packumentCache full:https://registry.npm.taobao.org/@types%2fbabel__generator set size:6271 disposed:false
200 http fetch GET 200 https://registry.npmmirror.com/@types%2fbabel__traverse 204ms (cache miss)
201 silly packumentCache full:https://registry.npm.taobao.org/@types%2fbabel__traverse set size:19838 disposed:false
202 http fetch GET 200 https://registry.npmmirror.com/gensync 212ms (cache miss)
203 silly packumentCache full:https://registry.npm.taobao.org/gensync set size:3930 disposed:false
204 http fetch GET 200 https://registry.npmmirror.com/@babel%2fgenerator 250ms (cache miss)
205 silly packumentCache full:https://registry.npm.taobao.org/@babel%2fgenerator set size:90451 disposed:false
206 http fetch GET 200 https://registry.npmmirror.com/semver 251ms (cache miss)
207 silly packumentCache full:https://registry.npm.taobao.org/semver set size:46691 disposed:false
208 http fetch GET 200 https://registry.npmmirror.com/@jridgewell%2fremapping 256ms (cache miss)
209 silly packumentCache full:https://registry.npm.taobao.org/@jridgewell%2fremapping set size:6023 disposed:false
210 http fetch GET 200 https://registry.npmmirror.com/json5 256ms (cache miss)
211 silly packumentCache full:https://registry.npm.taobao.org/json5 set size:18850 disposed:false
212 http fetch GET 200 https://registry.npmmirror.com/@babel%2fhelper-plugin-utils 274ms (cache miss)
213 silly packumentCache full:https://registry.npm.taobao.org/@babel%2fhelper-plugin-utils set size:34312 disposed:false
214 http fetch GET 200 https://registry.npmmirror.com/@babel%2ftypes 303ms (cache miss)
215 silly packumentCache full:https://registry.npm.taobao.org/@babel%2ftypes set size:82196 disposed:false
216 http fetch GET 200 https://registry.npmmirror.com/@babel%2fhelper-plugin-utils 308ms (cache miss)
217 silly packumentCache full:https://registry.npm.taobao.org/@babel%2fhelper-plugin-utils set size:34312 disposed:false
218 silly packumentCache full:https://registry.npm.taobao.org/@babel%2fhelper-plugin-utils dispose
219 http fetch GET 200 https://registry.npmmirror.com/debug 312ms (cache miss)
220 silly packumentCache full:https://registry.npm.taobao.org/debug set size:32036 disposed:false
221 http fetch GET 200 https://registry.npmmirror.com/@babel%2ftypes 344ms (cache miss)
222 silly packumentCache full:https://registry.npm.taobao.org/@babel%2ftypes set size:82196 disposed:false
223 silly packumentCache full:https://registry.npm.taobao.org/@babel%2ftypes dispose
224 silly fetch manifest @babel/core@^7.0.0
225 silly packumentCache full:https://registry.npm.taobao.org/@babel%2fcore cache-hit
226 silly placeDep ROOT @babel/code-frame@7.29.7 OK for: @babel/core@7.29.7 want: ^7.29.7
227 silly placeDep ROOT @babel/generator@7.29.7 OK for: @babel/core@7.29.7 want: ^7.29.7
228 silly placeDep ROOT @babel/helper-compilation-targets@7.29.7 OK for: @babel/core@7.29.7 want: ^7.29.7
229 silly placeDep ROOT @babel/helper-module-transforms@7.29.7 OK for: @babel/core@7.29.7 want: ^7.29.7
230 silly placeDep ROOT @babel/helpers@7.29.7 OK for: @babel/core@7.29.7 want: ^7.29.7
231 silly placeDep ROOT @babel/parser@7.29.7 OK for: @babel/core@7.29.7 want: ^7.29.7
232 silly placeDep ROOT @babel/template@7.29.7 OK for: @babel/core@7.29.7 want: ^7.29.7
233 silly placeDep ROOT @babel/traverse@7.29.7 OK for: @babel/core@7.29.7 want: ^7.29.7
234 silly placeDep ROOT @babel/types@7.29.7 OK for: @babel/core@7.29.7 want: ^7.29.7
235 silly placeDep ROOT @jridgewell/remapping@2.3.5 OK for: @babel/core@7.29.7 want: ^2.3.5
236 silly placeDep ROOT convert-source-map@2.0.0 OK for: @babel/core@7.29.7 want: ^2.0.0
237 silly placeDep ROOT debug@4.4.3 OK for: @babel/core@7.29.7 want: ^4.1.0
238 silly placeDep ROOT gensync@1.0.0-beta.2 OK for: @babel/core@7.29.7 want: ^1.0.0-beta.2
239 silly placeDep ROOT json5@2.2.3 OK for: @babel/core@7.29.7 want: ^2.2.3
240 silly placeDep ROOT semver@6.3.1 OK for: @babel/core@7.29.7 want: ^6.3.1
241 silly fetch manifest @babel/helper-validator-identifier@^7.29.7
242 silly packumentCache full:https://registry.npm.taobao.org/@babel%2fhelper-validator-identifier cache-miss
243 silly fetch manifest js-tokens@^4.0.0
244 silly packumentCache full:https://registry.npm.taobao.org/js-tokens cache-miss
245 silly fetch manifest picocolors@^1.1.1
246 silly packumentCache full:https://registry.npm.taobao.org/picocolors cache-miss
247 silly fetch manifest @jridgewell/gen-mapping@^0.3.12
248 silly packumentCache full:https://registry.npm.taobao.org/@jridgewell%2fgen-mapping cache-miss
249 silly fetch manifest @jridgewell/trace-mapping@^0.3.28
250 silly packumentCache full:https://registry.npm.taobao.org/@jridgewell%2ftrace-mapping cache-miss
251 silly fetch manifest jsesc@^3.0.2
252 silly packumentCache full:https://registry.npm.taobao.org/jsesc cache-miss
253 silly fetch manifest @babel/compat-data@^7.29.7
254 silly packumentCache full:https://registry.npm.taobao.org/@babel%2fcompat-data cache-miss
255 silly fetch manifest @babel/helper-validator-option@^7.29.7
256 silly packumentCache full:https://registry.npm.taobao.org/@babel%2fhelper-validator-option cache-miss
257 silly fetch manifest browserslist@^4.24.0
258 silly packumentCache full:https://registry.npm.taobao.org/browserslist cache-miss
259 silly fetch manifest lru-cache@^5.1.1
260 silly packumentCache full:https://registry.npm.taobao.org/lru-cache cache-miss
261 silly fetch manifest @babel/helper-module-imports@^7.29.7
262 silly packumentCache full:https://registry.npm.taobao.org/@babel%2fhelper-module-imports cache-miss
263 silly fetch manifest @babel/helper-validator-identifier@^7.29.7
264 silly packumentCache full:https://registry.npm.taobao.org/@babel%2fhelper-validator-identifier cache-miss
265 silly fetch manifest @babel/helper-globals@^7.29.7
266 silly packumentCache full:https://registry.npm.taobao.org/@babel%2fhelper-globals cache-miss
267 silly fetch manifest debug@^4.3.1
268 silly packumentCache full:https://registry.npm.taobao.org/debug cache-hit
269 silly fetch manifest @babel/helper-string-parser@^7.29.7
270 silly packumentCache full:https://registry.npm.taobao.org/@babel%2fhelper-string-parser cache-miss
271 silly fetch manifest @babel/helper-validator-identifier@^7.29.7
272 silly packumentCache full:https://registry.npm.taobao.org/@babel%2fhelper-validator-identifier cache-miss
273 silly fetch manifest @jridgewell/gen-mapping@^0.3.5
274 silly packumentCache full:https://registry.npm.taobao.org/@jridgewell%2fgen-mapping cache-miss
275 silly fetch manifest @jridgewell/trace-mapping@^0.3.24
276 silly packumentCache full:https://registry.npm.taobao.org/@jridgewell%2ftrace-mapping cache-miss
277 silly fetch manifest ms@^2.1.3
278 silly packumentCache full:https://registry.npm.taobao.org/ms cache-miss
279 http fetch GET 200 https://registry.npmmirror.com/@babel%2fhelper-validator-option 116ms (cache miss)
280 silly packumentCache full:https://registry.npm.taobao.org/@babel%2fhelper-validator-option set size:21920 disposed:false
281 http fetch GET 200 https://registry.npmmirror.com/js-tokens 130ms (cache miss)
282 silly packumentCache full:https://registry.npm.taobao.org/js-tokens set size:9897 disposed:false
283 http fetch GET 200 https://registry.npmmirror.com/@babel%2fhelper-globals 128ms (cache miss)
284 silly packumentCache full:https://registry.npm.taobao.org/@babel%2fhelper-globals set size:4753 disposed:false
285 http fetch GET 200 https://registry.npmmirror.com/@babel%2fhelper-string-parser 136ms (cache miss)
286 silly packumentCache full:https://registry.npm.taobao.org/@babel%2fhelper-string-parser set size:20856 disposed:false
287 http fetch GET 200 https://registry.npmmirror.com/picocolors 140ms (cache miss)
288 silly packumentCache full:https://registry.npm.taobao.org/picocolors set size:4040 disposed:false
289 http fetch GET 200 https://registry.npmmirror.com/@jridgewell%2ftrace-mapping 169ms (cache miss)
290 silly packumentCache full:https://registry.npm.taobao.org/@jridgewell%2ftrace-mapping set size:40595 disposed:false
291 http fetch GET 200 https://registry.npmmirror.com/@babel%2fhelper-module-imports 173ms (cache miss)
292 silly packumentCache full:https://registry.npm.taobao.org/@babel%2fhelper-module-imports set size:34504 disposed:false
293 http fetch GET 200 https://registry.npmmirror.com/@jridgewell%2fgen-mapping 181ms (cache miss)
294 silly packumentCache full:https://registry.npm.taobao.org/@jridgewell%2fgen-mapping set size:18327 disposed:false
295 http fetch GET 200 https://registry.npmmirror.com/@babel%2fhelper-validator-identifier 184ms (cache miss)
296 silly packumentCache full:https://registry.npm.taobao.org/@babel%2fhelper-validator-identifier set size:24690 disposed:false
297 http fetch GET 200 https://registry.npmmirror.com/@babel%2fhelper-validator-identifier 184ms (cache miss)
298 silly packumentCache full:https://registry.npm.taobao.org/@babel%2fhelper-validator-identifier set size:24690 disposed:false
299 silly packumentCache full:https://registry.npm.taobao.org/@babel%2fhelper-validator-identifier dispose
300 http fetch GET 200 https://registry.npmmirror.com/jsesc 188ms (cache miss)
301 silly packumentCache full:https://registry.npm.taobao.org/jsesc set size:12774 disposed:false
302 http fetch GET 200 https://registry.npmmirror.com/@babel%2fhelper-validator-identifier 198ms (cache miss)
303 silly packumentCache full:https://registry.npm.taobao.org/@babel%2fhelper-validator-identifier set size:24690 disposed:true
304 silly packumentCache full:https://registry.npm.taobao.org/@babel%2fhelper-validator-identifier dispose
305 http fetch GET 200 https://registry.npmmirror.com/@jridgewell%2ftrace-mapping 264ms (cache miss)
306 silly packumentCache full:https://registry.npm.taobao.org/@jridgewell%2ftrace-mapping set size:40595 disposed:false
307 silly packumentCache full:https://registry.npm.taobao.org/@jridgewell%2ftrace-mapping dispose
308 http fetch GET 200 https://registry.npmmirror.com/browserslist 269ms (cache miss)
309 silly packumentCache full:https://registry.npm.taobao.org/browserslist set size:74831 disposed:false
310 http fetch GET 200 https://registry.npmmirror.com/ms 272ms (cache miss)
311 silly packumentCache full:https://registry.npm.taobao.org/ms set size:15985 disposed:false
312 http fetch GET 200 https://registry.npmmirror.com/@jridgewell%2fgen-mapping 276ms (cache miss)
313 silly packumentCache full:https://registry.npm.taobao.org/@jridgewell%2fgen-mapping set size:18327 disposed:false
314 silly packumentCache full:https://registry.npm.taobao.org/@jridgewell%2fgen-mapping dispose
315 http fetch GET 200 https://registry.npmmirror.com/@babel%2fcompat-data 324ms (cache miss)
316 silly packumentCache full:https://registry.npm.taobao.org/@babel%2fcompat-data set size:56591 disposed:false
317 http fetch GET 200 https://registry.npmmirror.com/lru-cache 325ms (cache miss)
318 silly packumentCache full:https://registry.npm.taobao.org/lru-cache set size:107144 disposed:false
319 silly placeDep ROOT @babel/helper-validator-identifier@7.29.7 OK for: @babel/code-frame@7.29.7 want: ^7.29.7
320 silly placeDep ROOT js-tokens@4.0.0 OK for: @babel/code-frame@7.29.7 want: ^4.0.0
321 silly placeDep ROOT picocolors@1.1.1 OK for: @babel/code-frame@7.29.7 want: ^1.1.1
322 silly placeDep ROOT @jridgewell/gen-mapping@0.3.13 OK for: @babel/generator@7.29.7 want: ^0.3.12
323 silly placeDep ROOT @jridgewell/trace-mapping@0.3.31 OK for: @babel/generator@7.29.7 want: ^0.3.28
324 silly placeDep ROOT jsesc@3.1.0 OK for: @babel/generator@7.29.7 want: ^3.0.2
325 silly fetch manifest @jridgewell/sourcemap-codec@^1.5.0
326 silly packumentCache full:https://registry.npm.taobao.org/@jridgewell%2fsourcemap-codec cache-miss
327 silly fetch manifest @jridgewell/resolve-uri@^3.1.0
328 silly packumentCache full:https://registry.npm.taobao.org/@jridgewell%2fresolve-uri cache-miss
329 silly fetch manifest @jridgewell/sourcemap-codec@^1.4.14
330 silly packumentCache full:https://registry.npm.taobao.org/@jridgewell%2fsourcemap-codec cache-miss
331 http fetch GET 200 https://registry.npmmirror.com/@jridgewell%2fresolve-uri 206ms (cache miss)
332 silly packumentCache full:https://registry.npm.taobao.org/@jridgewell%2fresolve-uri set size:14497 disposed:false
333 http fetch GET 200 https://registry.npmmirror.com/@jridgewell%2fsourcemap-codec 207ms (cache miss)
334 silly packumentCache full:https://registry.npm.taobao.org/@jridgewell%2fsourcemap-codec set size:15018 disposed:false
335 http fetch GET 200 https://registry.npmmirror.com/@jridgewell%2fsourcemap-codec 208ms (cache miss)
336 silly packumentCache full:https://registry.npm.taobao.org/@jridgewell%2fsourcemap-codec set size:15018 disposed:false
337 silly packumentCache full:https://registry.npm.taobao.org/@jridgewell%2fsourcemap-codec dispose
338 silly placeDep ROOT @babel/compat-data@7.29.7 OK for: @babel/helper-compilation-targets@7.29.7 want: ^7.29.7
339 silly placeDep ROOT @babel/helper-validator-option@7.29.7 OK for: @babel/helper-compilation-targets@7.29.7 want: ^7.29.7
340 silly placeDep ROOT browserslist@4.28.2 OK for: @babel/helper-compilation-targets@7.29.7 want: ^4.24.0
341 silly placeDep ROOT lru-cache@5.1.1 OK for: @babel/helper-compilation-targets@7.29.7 want: ^5.1.1
342 silly fetch manifest baseline-browser-mapping@^2.10.12
343 silly packumentCache full:https://registry.npm.taobao.org/baseline-browser-mapping cache-miss
344 silly fetch manifest caniuse-lite@^1.0.30001782
345 silly packumentCache full:https://registry.npm.taobao.org/caniuse-lite cache-miss
346 silly fetch manifest electron-to-chromium@^1.5.328
347 silly packumentCache full:https://registry.npm.taobao.org/electron-to-chromium cache-miss
348 silly fetch manifest node-releases@^2.0.36
349 silly packumentCache full:https://registry.npm.taobao.org/node-releases cache-miss
350 silly fetch manifest update-browserslist-db@^1.2.3
351 silly packumentCache full:https://registry.npm.taobao.org/update-browserslist-db cache-miss
352 silly fetch manifest yallist@^3.0.2
353 silly packumentCache full:https://registry.npm.taobao.org/yallist cache-miss
354 http fetch GET 200 https://registry.npmmirror.com/yallist 56ms (cache miss)
355 silly packumentCache full:https://registry.npm.taobao.org/yallist set size:7662 disposed:false
356 http fetch GET 200 https://registry.npmmirror.com/baseline-browser-mapping 67ms (cache miss)
357 silly packumentCache full:https://registry.npm.taobao.org/baseline-browser-mapping set size:68706 disposed:false
358 http fetch GET 200 https://registry.npmmirror.com/update-browserslist-db 102ms (cache miss)
359 silly packumentCache full:https://registry.npm.taobao.org/update-browserslist-db set size:17723 disposed:false
360 http fetch GET 200 https://registry.npmmirror.com/node-releases 103ms (cache miss)
361 silly packumentCache full:https://registry.npm.taobao.org/node-releases set size:40948 disposed:false
362 http fetch GET 200 https://registry.npmmirror.com/caniuse-lite 211ms (cache miss)
363 silly packumentCache full:https://registry.npm.taobao.org/caniuse-lite set size:366382 disposed:false
364 http fetch GET 200 https://registry.npmmirror.com/electron-to-chromium 339ms (cache miss)
365 silly packumentCache full:https://registry.npm.taobao.org/electron-to-chromium set size:817413 disposed:false
366 silly placeDep ROOT @babel/helper-module-imports@7.29.7 OK for: @babel/helper-module-transforms@7.29.7 want: ^7.29.7
367 silly placeDep ROOT @babel/helper-plugin-utils@7.29.7 OK for: @babel/plugin-transform-react-jsx-self@7.29.7 want: ^7.29.7
368 silly placeDep ROOT @babel/helper-globals@7.29.7 OK for: @babel/traverse@7.29.7 want: ^7.29.7
369 silly placeDep ROOT @babel/helper-string-parser@7.29.7 OK for: @babel/types@7.29.7 want: ^7.29.7
370 silly placeDep ROOT @jridgewell/sourcemap-codec@1.5.5 OK for: @jridgewell/gen-mapping@0.3.13 want: ^1.5.0
371 silly placeDep ROOT @jridgewell/resolve-uri@3.1.2 OK for: @jridgewell/trace-mapping@0.3.31 want: ^3.1.0
372 silly placeDep ROOT @types/babel__generator@7.27.0 OK for: @types/babel__core@7.20.5 want: *
373 silly placeDep ROOT @types/babel__template@7.4.4 OK for: @types/babel__core@7.20.5 want: *
374 silly placeDep ROOT @types/babel__traverse@7.28.0 OK for: @types/babel__core@7.20.5 want: *
375 silly fetch manifest browserslist@>= 4.21.0
376 silly packumentCache full:https://registry.npm.taobao.org/browserslist cache-hit
377 silly placeDep ROOT baseline-browser-mapping@2.10.34 OK for: browserslist@4.28.2 want: ^2.10.12
378 silly placeDep ROOT caniuse-lite@1.0.30001797 OK for: browserslist@4.28.2 want: ^1.0.30001782
379 silly placeDep ROOT electron-to-chromium@1.5.369 OK for: browserslist@4.28.2 want: ^1.5.328
380 silly placeDep ROOT node-releases@2.0.47 OK for: browserslist@4.28.2 want: ^2.0.36
381 silly placeDep ROOT update-browserslist-db@1.2.3 OK for: browserslist@4.28.2 want: ^1.2.3
382 silly fetch manifest escalade@^3.2.0
383 silly packumentCache full:https://registry.npm.taobao.org/escalade cache-miss
384 http fetch GET 200 https://registry.npmmirror.com/escalade 63ms (cache miss)
385 silly packumentCache full:https://registry.npm.taobao.org/escalade set size:6820 disposed:false
386 silly placeDep ROOT ms@2.1.3 OK for: debug@4.4.3 want: ^2.1.3
387 silly placeDep ROOT yallist@3.1.1 OK for: lru-cache@5.1.1 want: ^3.0.2
388 silly placeDep ROOT loose-envify@1.4.0 OK for: react@18.3.1 want: ^1.1.0
389 silly placeDep ROOT scheduler@0.23.2 OK for: react-dom@18.3.1 want: ^0.23.2
390 silly placeDep ROOT escalade@3.2.0 OK for: update-browserslist-db@1.2.3 want: ^3.2.0
391 silly placeDep ROOT esbuild@0.21.5 OK for: vite@5.4.21 want: ^0.21.3
392 silly placeDep ROOT fsevents@2.3.3 OK for: vite@5.4.21 want: ~2.3.3
393 silly placeDep ROOT postcss@8.5.15 OK for: vite@5.4.21 want: ^8.4.43
394 silly placeDep ROOT rollup@4.61.1 OK for: vite@5.4.21 want: ^4.20.0
395 silly fetch manifest @esbuild/aix-ppc64@0.21.5
396 silly packumentCache full:https://registry.npm.taobao.org/@esbuild%2faix-ppc64 cache-miss
397 silly fetch manifest @esbuild/android-arm@0.21.5
398 silly packumentCache full:https://registry.npm.taobao.org/@esbuild%2fandroid-arm cache-miss
399 silly fetch manifest @esbuild/android-arm64@0.21.5
400 silly packumentCache full:https://registry.npm.taobao.org/@esbuild%2fandroid-arm64 cache-miss
401 silly fetch manifest @esbuild/android-x64@0.21.5
402 silly packumentCache full:https://registry.npm.taobao.org/@esbuild%2fandroid-x64 cache-miss
403 silly fetch manifest @esbuild/darwin-arm64@0.21.5
404 silly packumentCache full:https://registry.npm.taobao.org/@esbuild%2fdarwin-arm64 cache-miss
405 silly fetch manifest @esbuild/darwin-x64@0.21.5
406 silly packumentCache full:https://registry.npm.taobao.org/@esbuild%2fdarwin-x64 cache-miss
407 silly fetch manifest @esbuild/freebsd-arm64@0.21.5
408 silly packumentCache full:https://registry.npm.taobao.org/@esbuild%2ffreebsd-arm64 cache-miss
409 silly fetch manifest @esbuild/freebsd-x64@0.21.5
410 silly packumentCache full:https://registry.npm.taobao.org/@esbuild%2ffreebsd-x64 cache-miss
411 silly fetch manifest @esbuild/linux-arm@0.21.5
412 silly packumentCache full:https://registry.npm.taobao.org/@esbuild%2flinux-arm cache-miss
413 silly fetch manifest @esbuild/linux-arm64@0.21.5
414 silly packumentCache full:https://registry.npm.taobao.org/@esbuild%2flinux-arm64 cache-miss
415 silly fetch manifest @esbuild/linux-ia32@0.21.5
416 silly packumentCache full:https://registry.npm.taobao.org/@esbuild%2flinux-ia32 cache-miss
417 silly fetch manifest @esbuild/linux-loong64@0.21.5
418 silly packumentCache full:https://registry.npm.taobao.org/@esbuild%2flinux-loong64 cache-miss
419 silly fetch manifest @esbuild/linux-mips64el@0.21.5
420 silly packumentCache full:https://registry.npm.taobao.org/@esbuild%2flinux-mips64el cache-miss
421 silly fetch manifest @esbuild/linux-ppc64@0.21.5
422 silly packumentCache full:https://registry.npm.taobao.org/@esbuild%2flinux-ppc64 cache-miss
423 silly fetch manifest @esbuild/linux-riscv64@0.21.5
424 silly packumentCache full:https://registry.npm.taobao.org/@esbuild%2flinux-riscv64 cache-miss
425 silly fetch manifest @esbuild/linux-s390x@0.21.5
426 silly packumentCache full:https://registry.npm.taobao.org/@esbuild%2flinux-s390x cache-miss
427 silly fetch manifest @esbuild/linux-x64@0.21.5
428 silly packumentCache full:https://registry.npm.taobao.org/@esbuild%2flinux-x64 cache-miss
429 silly fetch manifest @esbuild/netbsd-x64@0.21.5
430 silly packumentCache full:https://registry.npm.taobao.org/@esbuild%2fnetbsd-x64 cache-miss
431 silly fetch manifest @esbuild/openbsd-x64@0.21.5
432 silly packumentCache full:https://registry.npm.taobao.org/@esbuild%2fopenbsd-x64 cache-miss
433 silly fetch manifest @esbuild/sunos-x64@0.21.5
434 silly packumentCache full:https://registry.npm.taobao.org/@esbuild%2fsunos-x64 cache-miss
435 silly fetch manifest @esbuild/win32-arm64@0.21.5
436 silly packumentCache full:https://registry.npm.taobao.org/@esbuild%2fwin32-arm64 cache-miss
437 silly fetch manifest @esbuild/win32-ia32@0.21.5
438 silly packumentCache full:https://registry.npm.taobao.org/@esbuild%2fwin32-ia32 cache-miss
439 silly fetch manifest @esbuild/win32-x64@0.21.5
440 silly packumentCache full:https://registry.npm.taobao.org/@esbuild%2fwin32-x64 cache-miss
441 silly fetch manifest nanoid@^3.3.12
442 silly packumentCache full:https://registry.npm.taobao.org/nanoid cache-miss
443 silly fetch manifest source-map-js@^1.2.1
444 silly packumentCache full:https://registry.npm.taobao.org/source-map-js cache-miss
445 silly fetch manifest @types/estree@1.0.9
446 silly packumentCache full:https://registry.npm.taobao.org/@types%2festree cache-miss
447 silly fetch manifest @rollup/rollup-darwin-arm64@4.61.1
448 silly packumentCache full:https://registry.npm.taobao.org/@rollup%2frollup-darwin-arm64 cache-miss
449 silly fetch manifest @rollup/rollup-android-arm64@4.61.1
450 silly packumentCache full:https://registry.npm.taobao.org/@rollup%2frollup-android-arm64 cache-miss
451 silly fetch manifest @rollup/rollup-win32-arm64-msvc@4.61.1
452 silly packumentCache full:https://registry.npm.taobao.org/@rollup%2frollup-win32-arm64-msvc cache-miss
453 silly fetch manifest @rollup/rollup-freebsd-arm64@4.61.1
454 silly packumentCache full:https://registry.npm.taobao.org/@rollup%2frollup-freebsd-arm64 cache-miss
455 silly fetch manifest @rollup/rollup-linux-arm64-gnu@4.61.1
456 silly packumentCache full:https://registry.npm.taobao.org/@rollup%2frollup-linux-arm64-gnu cache-miss
457 http fetch GET 200 https://registry.npmmirror.com/@esbuild%2faix-ppc64 81ms (cache miss)
458 silly packumentCache full:https://registry.npm.taobao.org/@esbuild%2faix-ppc64 set size:15436 disposed:false
459 silly fetch manifest @rollup/rollup-linux-arm64-musl@4.61.1
460 silly packumentCache full:https://registry.npm.taobao.org/@rollup%2frollup-linux-arm64-musl cache-miss
461 http fetch GET 200 https://registry.npmmirror.com/@esbuild%2fdarwin-x64 83ms (cache miss)
462 silly packumentCache full:https://registry.npm.taobao.org/@esbuild%2fdarwin-x64 set size:59848 disposed:false
463 silly fetch manifest @rollup/rollup-android-arm-eabi@4.61.1
464 silly packumentCache full:https://registry.npm.taobao.org/@rollup%2frollup-android-arm-eabi cache-miss
465 http fetch GET 200 https://registry.npmmirror.com/@esbuild%2ffreebsd-x64 88ms (cache miss)
466 silly packumentCache full:https://registry.npm.taobao.org/@esbuild%2ffreebsd-x64 set size:60079 disposed:false
467 silly fetch manifest @rollup/rollup-linux-arm-gnueabihf@4.61.1
468 silly packumentCache full:https://registry.npm.taobao.org/@rollup%2frollup-linux-arm-gnueabihf cache-miss
469 http fetch GET 200 https://registry.npmmirror.com/@esbuild%2fandroid-x64 92ms (cache miss)
470 silly packumentCache full:https://registry.npm.taobao.org/@esbuild%2fandroid-x64 set size:59942 disposed:false
471 silly fetch manifest @rollup/rollup-linux-arm-musleabihf@4.61.1
472 silly packumentCache full:https://registry.npm.taobao.org/@rollup%2frollup-linux-arm-musleabihf cache-miss
473 http fetch GET 200 https://registry.npmmirror.com/@esbuild%2fdarwin-arm64 103ms (cache miss)
474 silly packumentCache full:https://registry.npm.taobao.org/@esbuild%2fdarwin-arm64 set size:60199 disposed:false
475 silly fetch manifest @rollup/rollup-win32-ia32-msvc@4.61.1
476 silly packumentCache full:https://registry.npm.taobao.org/@rollup%2frollup-win32-ia32-msvc cache-miss
477 http fetch GET 200 https://registry.npmmirror.com/@esbuild%2flinux-arm64 113ms (cache miss)
478 silly packumentCache full:https://registry.npm.taobao.org/@esbuild%2flinux-arm64 set size:59820 disposed:false
479 silly fetch manifest @rollup/rollup-linux-loong64-gnu@4.61.1
480 silly packumentCache full:https://registry.npm.taobao.org/@rollup%2frollup-linux-loong64-gnu cache-miss
481 http fetch GET 200 https://registry.npmmirror.com/@esbuild%2ffreebsd-arm64 116ms (cache miss)
482 silly packumentCache full:https://registry.npm.taobao.org/@esbuild%2ffreebsd-arm64 set size:59761 disposed:false
483 silly fetch manifest @rollup/rollup-linux-loong64-musl@4.61.1
484 silly packumentCache full:https://registry.npm.taobao.org/@rollup%2frollup-linux-loong64-musl cache-miss
485 http fetch GET 200 https://registry.npmmirror.com/@esbuild%2fandroid-arm 121ms (cache miss)
486 silly packumentCache full:https://registry.npm.taobao.org/@esbuild%2fandroid-arm set size:70088 disposed:false
487 silly fetch manifest @rollup/rollup-linux-riscv64-gnu@4.61.1
488 silly packumentCache full:https://registry.npm.taobao.org/@rollup%2frollup-linux-riscv64-gnu cache-miss
489 http fetch GET 200 https://registry.npmmirror.com/@esbuild%2fandroid-arm64 123ms (cache miss)
490 silly packumentCache full:https://registry.npm.taobao.org/@esbuild%2fandroid-arm64 set size:60626 disposed:false
491 silly fetch manifest @rollup/rollup-linux-riscv64-musl@4.61.1
492 silly packumentCache full:https://registry.npm.taobao.org/@rollup%2frollup-linux-riscv64-musl cache-miss
493 http fetch GET 200 https://registry.npmmirror.com/@esbuild%2flinux-arm 124ms (cache miss)
494 silly packumentCache full:https://registry.npm.taobao.org/@esbuild%2flinux-arm set size:59341 disposed:false
495 silly fetch manifest @rollup/rollup-linux-ppc64-gnu@4.61.1
496 silly packumentCache full:https://registry.npm.taobao.org/@rollup%2frollup-linux-ppc64-gnu cache-miss
497 http fetch GET 200 https://registry.npmmirror.com/@esbuild%2flinux-ppc64 130ms (cache miss)
498 silly packumentCache full:https://registry.npm.taobao.org/@esbuild%2flinux-ppc64 set size:59770 disposed:false
499 silly fetch manifest @rollup/rollup-linux-ppc64-musl@4.61.1
500 silly packumentCache full:https://registry.npm.taobao.org/@rollup%2frollup-linux-ppc64-musl cache-miss
501 http fetch GET 200 https://registry.npmmirror.com/@esbuild%2flinux-loong64 133ms (cache miss)
502 silly packumentCache full:https://registry.npm.taobao.org/@esbuild%2flinux-loong64 set size:79436 disposed:false
503 silly fetch manifest @rollup/rollup-linux-s390x-gnu@4.61.1
504 silly packumentCache full:https://registry.npm.taobao.org/@rollup%2frollup-linux-s390x-gnu cache-miss
505 http fetch GET 200 https://registry.npmmirror.com/@esbuild%2flinux-mips64el 144ms (cache miss)
506 silly packumentCache full:https://registry.npm.taobao.org/@esbuild%2flinux-mips64el set size:60066 disposed:false
507 silly fetch manifest @rollup/rollup-darwin-x64@4.61.1
508 silly packumentCache full:https://registry.npm.taobao.org/@rollup%2frollup-darwin-x64 cache-miss
509 http fetch GET 200 https://registry.npmmirror.com/@esbuild%2flinux-riscv64 147ms (cache miss)
510 silly packumentCache full:https://registry.npm.taobao.org/@esbuild%2flinux-riscv64 set size:60122 disposed:false
511 silly fetch manifest @rollup/rollup-win32-x64-gnu@4.61.1
512 silly packumentCache full:https://registry.npm.taobao.org/@rollup%2frollup-win32-x64-gnu cache-miss
513 http fetch GET 200 https://registry.npmmirror.com/@esbuild%2flinux-ia32 149ms (cache miss)
514 silly packumentCache full:https://registry.npm.taobao.org/@esbuild%2flinux-ia32 set size:60049 disposed:false
515 silly fetch manifest @rollup/rollup-win32-x64-msvc@4.61.1
516 silly packumentCache full:https://registry.npm.taobao.org/@rollup%2frollup-win32-x64-msvc cache-miss
517 http fetch GET 200 https://registry.npmmirror.com/@esbuild%2flinux-s390x 153ms (cache miss)
518 silly packumentCache full:https://registry.npm.taobao.org/@esbuild%2flinux-s390x set size:60000 disposed:false
519 silly fetch manifest @rollup/rollup-freebsd-x64@4.61.1
520 silly packumentCache full:https://registry.npm.taobao.org/@rollup%2frollup-freebsd-x64 cache-miss
521 http fetch GET 200 https://registry.npmmirror.com/@esbuild%2fnetbsd-x64 168ms (cache miss)
522 silly packumentCache full:https://registry.npm.taobao.org/@esbuild%2fnetbsd-x64 set size:59931 disposed:false
523 silly fetch manifest @rollup/rollup-linux-x64-gnu@4.61.1
524 silly packumentCache full:https://registry.npm.taobao.org/@rollup%2frollup-linux-x64-gnu cache-miss
525 http fetch GET 200 https://registry.npmmirror.com/@esbuild%2fopenbsd-x64 177ms (cache miss)
526 silly packumentCache full:https://registry.npm.taobao.org/@esbuild%2fopenbsd-x64 set size:59989 disposed:false
527 silly fetch manifest @rollup/rollup-linux-x64-musl@4.61.1
528 silly packumentCache full:https://registry.npm.taobao.org/@rollup%2frollup-linux-x64-musl cache-miss
529 http fetch GET 200 https://registry.npmmirror.com/@esbuild%2flinux-x64 198ms (cache miss)
530 silly packumentCache full:https://registry.npm.taobao.org/@esbuild%2flinux-x64 set size:59790 disposed:false
531 silly fetch manifest @rollup/rollup-openbsd-x64@4.61.1
532 silly packumentCache full:https://registry.npm.taobao.org/@rollup%2frollup-openbsd-x64 cache-miss
533 http fetch GET 200 https://registry.npmmirror.com/@esbuild%2fsunos-x64 213ms (cache miss)
534 silly packumentCache full:https://registry.npm.taobao.org/@esbuild%2fsunos-x64 set size:59992 disposed:false
535 silly fetch manifest @rollup/rollup-openharmony-arm64@4.61.1
536 silly packumentCache full:https://registry.npm.taobao.org/@rollup%2frollup-openharmony-arm64 cache-miss
537 http fetch GET 200 https://registry.npmmirror.com/source-map-js 220ms (cache miss)
538 silly packumentCache full:https://registry.npm.taobao.org/source-map-js set size:14399 disposed:false
539 http fetch GET 200 https://registry.npmmirror.com/@types%2festree 221ms (cache miss)
540 silly packumentCache full:https://registry.npm.taobao.org/@types%2festree set size:16478 disposed:false
541 http fetch GET 200 https://registry.npmmirror.com/@rollup%2frollup-freebsd-arm64 233ms (cache miss)
542 silly packumentCache full:https://registry.npm.taobao.org/@rollup%2frollup-freebsd-arm64 set size:39562 disposed:false
543 http fetch GET 200 https://registry.npmmirror.com/@esbuild%2fwin32-ia32 241ms (cache miss)
544 silly packumentCache full:https://registry.npm.taobao.org/@esbuild%2fwin32-ia32 set size:60484 disposed:false
545 http fetch GET 200 https://registry.npmmirror.com/@esbuild%2fwin32-x64 243ms (cache miss)
546 silly packumentCache full:https://registry.npm.taobao.org/@esbuild%2fwin32-x64 set size:59897 disposed:false
547 http fetch GET 200 https://registry.npmmirror.com/@esbuild%2fwin32-arm64 246ms (cache miss)
548 silly packumentCache full:https://registry.npm.taobao.org/@esbuild%2fwin32-arm64 set size:59988 disposed:false
549 http fetch GET 200 https://registry.npmmirror.com/@rollup%2frollup-linux-ppc64-musl 121ms (cache miss)
550 silly packumentCache full:https://registry.npm.taobao.org/@rollup%2frollup-linux-ppc64-musl set size:7281 disposed:false
551 http fetch GET 200 https://registry.npmmirror.com/nanoid 250ms (cache miss)
552 silly packumentCache full:https://registry.npm.taobao.org/nanoid set size:47927 disposed:false
553 http fetch GET 200 https://registry.npmmirror.com/@rollup%2frollup-linux-loong64-musl 141ms (cache miss)
554 silly packumentCache full:https://registry.npm.taobao.org/@rollup%2frollup-linux-loong64-musl set size:7292 disposed:false
555 http fetch GET 200 https://registry.npmmirror.com/@rollup%2frollup-linux-loong64-gnu 147ms (cache miss)
556 silly packumentCache full:https://registry.npm.taobao.org/@rollup%2frollup-linux-loong64-gnu set size:14073 disposed:false
557 http fetch GET 200 https://registry.npmmirror.com/@rollup%2frollup-linux-riscv64-musl 140ms (cache miss)
558 silly packumentCache full:https://registry.npm.taobao.org/@rollup%2frollup-linux-riscv64-musl set size:23675 disposed:false
559 http fetch GET 200 https://registry.npmmirror.com/@rollup%2frollup-linux-arm64-musl 186ms (cache miss)
560 silly packumentCache full:https://registry.npm.taobao.org/@rollup%2frollup-linux-arm64-musl set size:61550 disposed:false
561 http fetch GET 200 https://registry.npmmirror.com/@rollup%2frollup-win32-arm64-msvc 267ms (cache miss)
562 silly packumentCache full:https://registry.npm.taobao.org/@rollup%2frollup-win32-arm64-msvc set size:70733 disposed:false
563 http fetch GET 200 https://registry.npmmirror.com/@rollup%2frollup-linux-ppc64-gnu 149ms (cache miss)
564 silly packumentCache full:https://registry.npm.taobao.org/@rollup%2frollup-linux-ppc64-gnu set size:18606 disposed:false
565 http fetch GET 200 https://registry.npmmirror.com/@rollup%2frollup-android-arm64 272ms (cache miss)
566 silly packumentCache full:https://registry.npm.taobao.org/@rollup%2frollup-android-arm64 set size:70497 disposed:false
567 http fetch GET 200 https://registry.npmmirror.com/@rollup%2frollup-android-arm-eabi 193ms (cache miss)
568 silly packumentCache full:https://registry.npm.taobao.org/@rollup%2frollup-android-arm-eabi set size:70647 disposed:false
569 http fetch GET 200 https://registry.npmmirror.com/@rollup%2frollup-linux-arm64-gnu 276ms (cache miss)
570 silly packumentCache full:https://registry.npm.taobao.org/@rollup%2frollup-linux-arm64-gnu set size:70576 disposed:false
571 http fetch GET 200 https://registry.npmmirror.com/@rollup%2frollup-darwin-arm64 282ms (cache miss)
572 silly packumentCache full:https://registry.npm.taobao.org/@rollup%2frollup-darwin-arm64 set size:70234 disposed:false
573 http fetch GET 200 https://registry.npmmirror.com/@rollup%2frollup-linux-arm-musleabihf 209ms (cache miss)
574 silly packumentCache full:https://registry.npm.taobao.org/@rollup%2frollup-linux-arm-musleabihf set size:49958 disposed:false
575 http fetch GET 200 https://registry.npmmirror.com/@rollup%2frollup-linux-riscv64-gnu 184ms (cache miss)
576 silly packumentCache full:https://registry.npm.taobao.org/@rollup%2frollup-linux-riscv64-gnu set size:55656 disposed:false
577 http fetch GET 200 https://registry.npmmirror.com/@rollup%2frollup-win32-x64-gnu 159ms (cache miss)
578 silly packumentCache full:https://registry.npm.taobao.org/@rollup%2frollup-win32-x64-gnu set size:12950 disposed:false
579 http fetch GET 200 https://registry.npmmirror.com/@rollup%2frollup-linux-arm-gnueabihf 221ms (cache miss)
580 silly packumentCache full:https://registry.npm.taobao.org/@rollup%2frollup-linux-arm-gnueabihf set size:70907 disposed:false
581 http fetch GET 200 https://registry.npmmirror.com/@rollup%2frollup-linux-s390x-gnu 178ms (cache miss)
582 silly packumentCache full:https://registry.npm.taobao.org/@rollup%2frollup-linux-s390x-gnu set size:50980 disposed:false
583 http fetch GET 200 https://registry.npmmirror.com/@rollup%2frollup-win32-ia32-msvc 213ms (cache miss)
584 silly packumentCache full:https://registry.npm.taobao.org/@rollup%2frollup-win32-ia32-msvc set size:70876 disposed:false
585 http fetch GET 200 https://registry.npmmirror.com/@rollup%2frollup-openbsd-x64 120ms (cache miss)
586 silly packumentCache full:https://registry.npm.taobao.org/@rollup%2frollup-openbsd-x64 set size:7273 disposed:false
587 http fetch GET 200 https://registry.npmmirror.com/@rollup%2frollup-freebsd-x64 165ms (cache miss)
588 silly packumentCache full:https://registry.npm.taobao.org/@rollup%2frollup-freebsd-x64 set size:39261 disposed:false
589 http fetch GET 200 https://registry.npmmirror.com/@rollup%2frollup-win32-x64-msvc 174ms (cache miss)
590 silly packumentCache full:https://registry.npm.taobao.org/@rollup%2frollup-win32-x64-msvc set size:70052 disposed:false
591 http fetch GET 200 https://registry.npmmirror.com/@rollup%2frollup-linux-x64-gnu 156ms (cache miss)
592 silly packumentCache full:https://registry.npm.taobao.org/@rollup%2frollup-linux-x64-gnu set size:70150 disposed:false
593 http fetch GET 200 https://registry.npmmirror.com/@rollup%2frollup-linux-x64-musl 150ms (cache miss)
594 silly packumentCache full:https://registry.npm.taobao.org/@rollup%2frollup-linux-x64-musl set size:69959 disposed:false
595 http fetch GET 200 https://registry.npmmirror.com/@rollup%2frollup-openharmony-arm64 116ms (cache miss)
596 silly packumentCache full:https://registry.npm.taobao.org/@rollup%2frollup-openharmony-arm64 set size:14608 disposed:false
597 http fetch GET 200 https://registry.npmmirror.com/@rollup%2frollup-darwin-x64 189ms (cache miss)
598 silly packumentCache full:https://registry.npm.taobao.org/@rollup%2frollup-darwin-x64 set size:69680 disposed:false
599 silly placeDep ROOT @esbuild/aix-ppc64@0.21.5 OK for: esbuild@0.21.5 want: 0.21.5
600 silly placeDep ROOT @esbuild/android-arm@0.21.5 OK for: esbuild@0.21.5 want: 0.21.5
601 silly placeDep ROOT @esbuild/android-arm64@0.21.5 OK for: esbuild@0.21.5 want: 0.21.5
602 silly placeDep ROOT @esbuild/android-x64@0.21.5 OK for: esbuild@0.21.5 want: 0.21.5
603 silly placeDep ROOT @esbuild/darwin-arm64@0.21.5 OK for: esbuild@0.21.5 want: 0.21.5
604 silly placeDep ROOT @esbuild/darwin-x64@0.21.5 OK for: esbuild@0.21.5 want: 0.21.5
605 silly placeDep ROOT @esbuild/freebsd-arm64@0.21.5 OK for: esbuild@0.21.5 want: 0.21.5
606 silly placeDep ROOT @esbuild/freebsd-x64@0.21.5 OK for: esbuild@0.21.5 want: 0.21.5
607 silly placeDep ROOT @esbuild/linux-arm@0.21.5 OK for: esbuild@0.21.5 want: 0.21.5
608 silly placeDep ROOT @esbuild/linux-arm64@0.21.5 OK for: esbuild@0.21.5 want: 0.21.5
609 silly placeDep ROOT @esbuild/linux-ia32@0.21.5 OK for: esbuild@0.21.5 want: 0.21.5
610 silly placeDep ROOT @esbuild/linux-loong64@0.21.5 OK for: esbuild@0.21.5 want: 0.21.5
611 silly placeDep ROOT @esbuild/linux-mips64el@0.21.5 OK for: esbuild@0.21.5 want: 0.21.5
612 silly placeDep ROOT @esbuild/linux-ppc64@0.21.5 OK for: esbuild@0.21.5 want: 0.21.5
613 silly placeDep ROOT @esbuild/linux-riscv64@0.21.5 OK for: esbuild@0.21.5 want: 0.21.5
614 silly placeDep ROOT @esbuild/linux-s390x@0.21.5 OK for: esbuild@0.21.5 want: 0.21.5
615 silly placeDep ROOT @esbuild/linux-x64@0.21.5 OK for: esbuild@0.21.5 want: 0.21.5
616 silly placeDep ROOT @esbuild/netbsd-x64@0.21.5 OK for: esbuild@0.21.5 want: 0.21.5
617 silly placeDep ROOT @esbuild/openbsd-x64@0.21.5 OK for: esbuild@0.21.5 want: 0.21.5
618 silly placeDep ROOT @esbuild/sunos-x64@0.21.5 OK for: esbuild@0.21.5 want: 0.21.5
619 silly placeDep ROOT @esbuild/win32-arm64@0.21.5 OK for: esbuild@0.21.5 want: 0.21.5
620 silly placeDep ROOT @esbuild/win32-ia32@0.21.5 OK for: esbuild@0.21.5 want: 0.21.5
621 silly placeDep ROOT @esbuild/win32-x64@0.21.5 OK for: esbuild@0.21.5 want: 0.21.5
622 silly placeDep ROOT nanoid@3.3.12 OK for: postcss@8.5.15 want: ^3.3.12
623 silly placeDep ROOT source-map-js@1.2.1 OK for: postcss@8.5.15 want: ^1.2.1
624 silly placeDep ROOT @rollup/rollup-android-arm-eabi@4.61.1 OK for: rollup@4.61.1 want: 4.61.1
625 silly placeDep ROOT @rollup/rollup-android-arm64@4.61.1 OK for: rollup@4.61.1 want: 4.61.1
626 silly placeDep ROOT @rollup/rollup-darwin-arm64@4.61.1 OK for: rollup@4.61.1 want: 4.61.1
627 silly placeDep ROOT @rollup/rollup-darwin-x64@4.61.1 OK for: rollup@4.61.1 want: 4.61.1
628 silly placeDep ROOT @rollup/rollup-freebsd-arm64@4.61.1 OK for: rollup@4.61.1 want: 4.61.1
629 silly placeDep ROOT @rollup/rollup-freebsd-x64@4.61.1 OK for: rollup@4.61.1 want: 4.61.1
630 silly placeDep ROOT @rollup/rollup-linux-arm-gnueabihf@4.61.1 OK for: rollup@4.61.1 want: 4.61.1
631 silly placeDep ROOT @rollup/rollup-linux-arm-musleabihf@4.61.1 OK for: rollup@4.61.1 want: 4.61.1
632 silly placeDep ROOT @rollup/rollup-linux-arm64-gnu@4.61.1 OK for: rollup@4.61.1 want: 4.61.1
633 silly placeDep ROOT @rollup/rollup-linux-arm64-musl@4.61.1 OK for: rollup@4.61.1 want: 4.61.1
634 silly placeDep ROOT @rollup/rollup-linux-loong64-gnu@4.61.1 OK for: rollup@4.61.1 want: 4.61.1
635 silly placeDep ROOT @rollup/rollup-linux-loong64-musl@4.61.1 OK for: rollup@4.61.1 want: 4.61.1
636 silly placeDep ROOT @rollup/rollup-linux-ppc64-gnu@4.61.1 OK for: rollup@4.61.1 want: 4.61.1
637 silly placeDep ROOT @rollup/rollup-linux-ppc64-musl@4.61.1 OK for: rollup@4.61.1 want: 4.61.1
638 silly placeDep ROOT @rollup/rollup-linux-riscv64-gnu@4.61.1 OK for: rollup@4.61.1 want: 4.61.1
639 silly placeDep ROOT @rollup/rollup-linux-riscv64-musl@4.61.1 OK for: rollup@4.61.1 want: 4.61.1
640 silly placeDep ROOT @rollup/rollup-linux-s390x-gnu@4.61.1 OK for: rollup@4.61.1 want: 4.61.1
641 silly placeDep ROOT @rollup/rollup-linux-x64-gnu@4.61.1 OK for: rollup@4.61.1 want: 4.61.1
642 silly placeDep ROOT @rollup/rollup-linux-x64-musl@4.61.1 OK for: rollup@4.61.1 want: 4.61.1
643 silly placeDep ROOT @rollup/rollup-openbsd-x64@4.61.1 OK for: rollup@4.61.1 want: 4.61.1
644 silly placeDep ROOT @rollup/rollup-openharmony-arm64@4.61.1 OK for: rollup@4.61.1 want: 4.61.1
645 silly placeDep ROOT @rollup/rollup-win32-arm64-msvc@4.61.1 OK for: rollup@4.61.1 want: 4.61.1
646 silly placeDep ROOT @rollup/rollup-win32-ia32-msvc@4.61.1 OK for: rollup@4.61.1 want: 4.61.1
647 silly placeDep ROOT @rollup/rollup-win32-x64-gnu@4.61.1 OK for: rollup@4.61.1 want: 4.61.1
648 silly placeDep ROOT @rollup/rollup-win32-x64-msvc@4.61.1 OK for: rollup@4.61.1 want: 4.61.1
649 silly placeDep ROOT @types/estree@1.0.9 OK for: rollup@4.61.1 want: 1.0.9
650 silly audit bulk request {
650 silly audit   '@vitejs/plugin-react': [ '4.7.0' ],
650 silly audit   vite: [ '5.4.21' ],
650 silly audit   react: [ '18.3.1' ],
650 silly audit   'react-dom': [ '18.3.1' ],
650 silly audit   typescript: [ '5.9.3' ],
650 silly audit   '@babel/core': [ '7.29.7' ],
650 silly audit   '@babel/plugin-transform-react-jsx-self': [ '7.29.7' ],
650 silly audit   '@babel/plugin-transform-react-jsx-source': [ '7.29.7' ],
650 silly audit   '@rolldown/pluginutils': [ '1.0.0-beta.27' ],
650 silly audit   '@types/babel__core': [ '7.20.5' ],
650 silly audit   'react-refresh': [ '0.17.0' ],
650 silly audit   '@babel/code-frame': [ '7.29.7' ],
650 silly audit   '@babel/generator': [ '7.29.7' ],
650 silly audit   '@babel/helper-compilation-targets': [ '7.29.7' ],
650 silly audit   '@babel/helper-module-transforms': [ '7.29.7' ],
650 silly audit   '@babel/helpers': [ '7.29.7' ],
650 silly audit   '@babel/parser': [ '7.29.7' ],
650 silly audit   '@babel/template': [ '7.29.7' ],
650 silly audit   '@babel/traverse': [ '7.29.7' ],
650 silly audit   '@babel/types': [ '7.29.7' ],
650 silly audit   '@jridgewell/remapping': [ '2.3.5' ],
650 silly audit   'convert-source-map': [ '2.0.0' ],
650 silly audit   debug: [ '4.4.3' ],
650 silly audit   gensync: [ '1.0.0-beta.2' ],
650 silly audit   json5: [ '2.2.3' ],
650 silly audit   semver: [ '6.3.1' ],
650 silly audit   '@babel/helper-validator-identifier': [ '7.29.7' ],
650 silly audit   'js-tokens': [ '4.0.0' ],
650 silly audit   picocolors: [ '1.1.1' ],
650 silly audit   '@jridgewell/gen-mapping': [ '0.3.13' ],
650 silly audit   '@jridgewell/trace-mapping': [ '0.3.31' ],
650 silly audit   jsesc: [ '3.1.0' ],
650 silly audit   '@babel/compat-data': [ '7.29.7' ],
650 silly audit   '@babel/helper-validator-option': [ '7.29.7' ],
650 silly audit   browserslist: [ '4.28.2' ],
650 silly audit   'lru-cache': [ '5.1.1' ],
650 silly audit   '@babel/helper-module-imports': [ '7.29.7' ],
650 silly audit   '@babel/helper-plugin-utils': [ '7.29.7' ],
650 silly audit   '@babel/helper-globals': [ '7.29.7' ],
650 silly audit   '@babel/helper-string-parser': [ '7.29.7' ],
650 silly audit   '@jridgewell/sourcemap-codec': [ '1.5.5' ],
650 silly audit   '@jridgewell/resolve-uri': [ '3.1.2' ],
650 silly audit   '@types/babel__generator': [ '7.27.0' ],
650 silly audit   '@types/babel__template': [ '7.4.4' ],
650 silly audit   '@types/babel__traverse': [ '7.28.0' ],
650 silly audit   'baseline-browser-mapping': [ '2.10.34' ],
650 silly audit   'caniuse-lite': [ '1.0.30001797' ],
650 silly audit   'electron-to-chromium': [ '1.5.369' ],
650 silly audit   'node-releases': [ '2.0.47' ],
650 silly audit   'update-browserslist-db': [ '1.2.3' ],
650 silly audit   ms: [ '2.1.3' ],
650 silly audit   yallist: [ '3.1.1' ],
650 silly audit   'loose-envify': [ '1.4.0' ],
650 silly audit   scheduler: [ '0.23.2' ],
650 silly audit   escalade: [ '3.2.0' ],
650 silly audit   esbuild: [ '0.21.5' ],
650 silly audit   fsevents: [ '2.3.3' ],
650 silly audit   postcss: [ '8.5.15' ],
650 silly audit   rollup: [ '4.61.1' ],
650 silly audit   '@esbuild/aix-ppc64': [ '0.21.5' ],
650 silly audit   '@esbuild/android-arm': [ '0.21.5' ],
650 silly audit   '@esbuild/android-arm64': [ '0.21.5' ],
650 silly audit   '@esbuild/android-x64': [ '0.21.5' ],
650 silly audit   '@esbuild/darwin-arm64': [ '0.21.5' ],
650 silly audit   '@esbuild/darwin-x64': [ '0.21.5' ],
650 silly audit   '@esbuild/freebsd-arm64': [ '0.21.5' ],
650 silly audit   '@esbuild/freebsd-x64': [ '0.21.5' ],
650 silly audit   '@esbuild/linux-arm': [ '0.21.5' ],
650 silly audit   '@esbuild/linux-arm64': [ '0.21.5' ],
650 silly audit   '@esbuild/linux-ia32': [ '0.21.5' ],
650 silly audit   '@esbuild/linux-loong64': [ '0.21.5' ],
650 silly audit   '@esbuild/linux-mips64el': [ '0.21.5' ],
650 silly audit   '@esbuild/linux-ppc64': [ '0.21.5' ],
650 silly audit   '@esbuild/linux-riscv64': [ '0.21.5' ],
650 silly audit   '@esbuild/linux-s390x': [ '0.21.5' ],
650 silly audit   '@esbuild/linux-x64': [ '0.21.5' ],
650 silly audit   '@esbuild/netbsd-x64': [ '0.21.5' ],
650 silly audit   '@esbuild/openbsd-x64': [ '0.21.5' ],
650 silly audit   '@esbuild/sunos-x64': [ '0.21.5' ],
650 silly audit   '@esbuild/win32-arm64': [ '0.21.5' ],
650 silly audit   '@esbuild/win32-ia32': [ '0.21.5' ],
650 silly audit   '@esbuild/win32-x64': [ '0.21.5' ],
650 silly audit   nanoid: [ '3.3.12' ],
650 silly audit   'source-map-js': [ '1.2.1' ],
650 silly audit   '@rollup/rollup-android-arm-eabi': [ '4.61.1' ],
650 silly audit   '@rollup/rollup-android-arm64': [ '4.61.1' ],
650 silly audit   '@rollup/rollup-darwin-arm64': [ '4.61.1' ],
650 silly audit   '@rollup/rollup-darwin-x64': [ '4.61.1' ],
650 silly audit   '@rollup/rollup-freebsd-arm64': [ '4.61.1' ],
650 silly audit   '@rollup/rollup-freebsd-x64': [ '4.61.1' ],
650 silly audit   '@rollup/rollup-linux-arm-gnueabihf': [ '4.61.1' ],
650 silly audit   '@rollup/rollup-linux-arm-musleabihf': [ '4.61.1' ],
650 silly audit   '@rollup/rollup-linux-arm64-gnu': [ '4.61.1' ],
650 silly audit   '@rollup/rollup-linux-arm64-musl': [ '4.61.1' ],
650 silly audit   '@rollup/rollup-linux-loong64-gnu': [ '4.61.1' ],
650 silly audit   '@rollup/rollup-linux-loong64-musl': [ '4.61.1' ],
650 silly audit   '@rollup/rollup-linux-ppc64-gnu': [ '4.61.1' ],
650 silly audit   '@rollup/rollup-linux-ppc64-musl': [ '4.61.1' ],
650 silly audit   '@rollup/rollup-linux-riscv64-gnu': [ '4.61.1' ],
650 silly audit   '@rollup/rollup-linux-riscv64-musl': [ '4.61.1' ],
650 silly audit   '@rollup/rollup-linux-s390x-gnu': [ '4.61.1' ],
650 silly audit   '@rollup/rollup-linux-x64-gnu': [ '4.61.1' ],
650 silly audit   '@rollup/rollup-linux-x64-musl': [ '4.61.1' ],
650 silly audit   '@rollup/rollup-openbsd-x64': [ '4.61.1' ],
650 silly audit   '@rollup/rollup-openharmony-arm64': [ '4.61.1' ],
650 silly audit   '@rollup/rollup-win32-arm64-msvc': [ '4.61.1' ],
650 silly audit   '@rollup/rollup-win32-ia32-msvc': [ '4.61.1' ],
650 silly audit   '@rollup/rollup-win32-x64-gnu': [ '4.61.1' ],
650 silly audit   '@rollup/rollup-win32-x64-msvc': [ '4.61.1' ],
650 silly audit   '@types/estree': [ '1.0.9' ]
650 silly audit }
651 http fetch POST 404 https://registry.npmmirror.com/-/npm/v1/security/advisories/bulk 52ms (cache skip)
652 verbose audit error HttpErrorGeneral: 404 Not Found - POST https://registry.npmmirror.com/-/npm/v1/security/advisories/bulk - [NOT_IMPLEMENTED] /-/npm/v1/security/* not implemented yet
652 verbose audit error     at D:\Tools\nodejs\node_modules\npm\node_modules\npm-registry-fetch\lib\check-response.js:103:15
652 verbose audit error     at process.processTicksAndRejections (node:internal/process/task_queues:104:5)
652 verbose audit error     at async #getReport (D:\Tools\nodejs\node_modules\npm\node_modules\@npmcli\arborist\lib\audit-report.js:275:19)
652 verbose audit error     at async AuditReport.run (D:\Tools\nodejs\node_modules\npm\node_modules\@npmcli\arborist\lib\audit-report.js:100:19)
652 verbose audit error     at async Arborist.reify (D:\Tools\nodejs\node_modules\npm\node_modules\@npmcli\arborist\lib\arborist\reify.js:261:24)
652 verbose audit error     at async Install.exec (D:\Tools\nodejs\node_modules\npm\lib\commands\install.js:146:5)
652 verbose audit error     at async Npm.exec (D:\Tools\nodejs\node_modules\npm\lib\npm.js:193:9)
652 verbose audit error     at async module.exports (D:\Tools\nodejs\node_modules\npm\lib\cli\entry.js:67:5) {
652 verbose audit error   headers: [Object: null prototype] {
652 verbose audit error     server: [ 'Tengine' ],
652 verbose audit error     date: [ 'Tue, 09 Jun 2026 07:27:18 GMT' ],
652 verbose audit error     'content-type': [ 'application/json' ],
652 verbose audit error     'transfer-encoding': [ 'chunked' ],
652 verbose audit error     connection: [ 'keep-alive' ],
652 verbose audit error     'strict-transport-security': [ 'max-age=5184000' ],
652 verbose audit error     via: [ 'kunlun14.cn5220[,404666]' ],
652 verbose audit error     'timing-allow-origin': [ '*' ],
652 verbose audit error     eagleid: [ '77bcaca217809900386782556e' ],
652 verbose audit error     'x-fetch-attempts': [ '1' ],
652 verbose audit error     'x-local-cache-status': [ 'skip' ]
652 verbose audit error   },
652 verbose audit error   statusCode: 404,
652 verbose audit error   code: 'E404',
652 verbose audit error   method: 'POST',
652 verbose audit error   uri: 'https://registry.npmmirror.com/-/npm/v1/security/advisories/bulk',
652 verbose audit error   body: {
652 verbose audit error     error: '[NOT_IMPLEMENTED] /-/npm/v1/security/* not implemented yet'
652 verbose audit error   },
652 verbose audit error   pkgid: undefined
652 verbose audit error }
653 silly audit error [object Object]
654 silly audit report null
655 verbose cwd D:\Codes\wolf_game\ours\frontend
656 verbose os Windows_NT 10.0.26200
657 verbose node v24.15.0
658 verbose npm  v11.12.1
659 notice
659 notice New minor version of npm available! 11.12.1 -> 11.16.0
659 notice Changelog: https://github.com/npm/cli/releases/tag/v11.16.0
659 notice To update run: npm install -g npm@11.16.0
659 notice  { force: true, Symbol(proc-log.meta): true }
660 verbose exit 0
661 info ok
